2024-03-31T11:08:39.385+03:00  INFO 11576 --- [biudzetasV2] [main] j.biudzetasv2.BiudzetasV2Application     : Starting BiudzetasV2Application using Java 21.0.2 with PID 11576 (C:\Users\Dell\IdeaProjects\biudzetasV2\target\classes started by Dell in C:\Users\Dell\IdeaProjects\biudzetasV2)
2024-03-31T11:08:39.389+03:00  INFO 11576 --- [biudzetasV2] [main] j.biudzetasv2.BiudzetasV2Application     : No active profile set, falling back to 1 default profile: "default"
2024-03-31T11:08:40.695+03:00  INFO 11576 --- [biudzetasV2] [main] .s.d.r.c.RepositoryConfigurationDelegate : Bootstrapping Spring Data JPA repositories in DEFAULT mode.
2024-03-31T11:08:40.814+03:00  INFO 11576 --- [biudzetasV2] [main] .s.d.r.c.RepositoryConfigurationDelegate : Finished Spring Data repository scanning in 102 ms. Found 2 JPA repository interfaces.
2024-03-31T11:08:42.140+03:00  INFO 11576 --- [biudzetasV2] [main] o.s.b.w.embedded.tomcat.TomcatWebServer  : Tomcat initialized with port 8080 (http)
2024-03-31T11:08:42.166+03:00  INFO 11576 --- [biudzetasV2] [main] o.apache.catalina.core.StandardService   : Starting service [Tomcat]
2024-03-31T11:08:42.167+03:00  INFO 11576 --- [biudzetasV2] [main] o.apache.catalina.core.StandardEngine    : Starting Servlet engine: [Apache Tomcat/10.1.19]
2024-03-31T11:08:42.310+03:00  INFO 11576 --- [biudzetasV2] [main] o.a.c.c.C.[Tomcat].[localhost].[/]       : Initializing Spring embedded WebApplicationContext
2024-03-31T11:08:42.311+03:00  INFO 11576 --- [biudzetasV2] [main] w.s.c.ServletWebServerApplicationContext : Root WebApplicationContext: initialization completed in 2807 ms
2024-03-31T11:08:42.719+03:00  INFO 11576 --- [biudzetasV2] [main] o.hibernate.jpa.internal.util.LogHelper  : HHH000204: Processing PersistenceUnitInfo [name: default]
2024-03-31T11:08:42.867+03:00  INFO 11576 --- [biudzetasV2] [main] org.hibernate.Version                    : HHH000412: Hibernate ORM core version 6.4.4.Final
2024-03-31T11:08:43.028+03:00  INFO 11576 --- [biudzetasV2] [main] o.h.c.internal.RegionFactoryInitiator    : HHH000026: Second-level cache disabled
2024-03-31T11:08:44.067+03:00  INFO 11576 --- [biudzetasV2] [main] o.s.o.j.p.SpringPersistenceUnitInfo      : No LoadTimeWeaver setup: ignoring JPA class transformer
2024-03-31T11:08:44.229+03:00  INFO 11576 --- [biudzetasV2] [main] com.zaxxer.hikari.HikariDataSource       : HikariPool-1 - Starting...
2024-03-31T11:08:45.467+03:00  INFO 11576 --- [biudzetasV2] [main] com.zaxxer.hikari.pool.HikariPool        : HikariPool-1 - Added connection com.mysql.cj.jdbc.ConnectionImpl@2c9cafa5
2024-03-31T11:08:45.470+03:00  INFO 11576 --- [biudzetasV2] [main] com.zaxxer.hikari.HikariDataSource       : HikariPool-1 - Start completed.
2024-03-31T11:08:46.974+03:00  INFO 11576 --- [biudzetasV2] [main] o.h.e.t.j.p.i.JtaPlatformInitiator       : HHH000489: No JTA platform available (set 'hibernate.transaction.jta.platform' to enable JTA platform integration)
2024-03-31T11:08:47.115+03:00  INFO 11576 --- [biudzetasV2] [main] j.LocalContainerEntityManagerFactoryBean : Initialized JPA EntityManagerFactory for persistence unit 'default'
2024-03-31T11:08:47.436+03:00  INFO 11576 --- [biudzetasV2] [main] o.s.d.j.r.query.QueryEnhancerFactory     : Hibernate is in classpath; If applicable, HQL parser will be used.
2024-03-31T11:08:48.110+03:00  WARN 11576 --- [biudzetasV2] [main] JpaBaseConfiguration$JpaWebConfiguration : spring.jpa.open-in-view is enabled by default. Therefore, database queries may be performed during view rendering. Explicitly configure spring.jpa.open-in-view to disable this warning
2024-03-31T11:08:48.146+03:00  INFO 11576 --- [biudzetasV2] [main] o.s.b.a.w.s.WelcomePageHandlerMapping    : Adding welcome page template: index
2024-03-31T11:08:48.656+03:00  INFO 11576 --- [biudzetasV2] [main] o.s.b.w.embedded.tomcat.TomcatWebServer  : Tomcat started on port 8080 (http) with context path ''
2024-03-31T11:08:48.669+03:00  INFO 11576 --- [biudzetasV2] [main] j.biudzetasv2.BiudzetasV2Application     : Started BiudzetasV2Application in 10.22 seconds (process running for 11.901)
2024-03-31T11:08:57.497+03:00  INFO 11576 --- [biudzetasV2] [SpringApplicationShutdownHook] j.LocalContainerEntityManagerFactoryBean : Closing JPA EntityManagerFactory for persistence unit 'default'
2024-03-31T11:08:57.500+03:00  INFO 11576 --- [biudzetasV2] [SpringApplicationShutdownHook] com.zaxxer.hikari.HikariDataSource       : HikariPool-1 - Shutdown initiated...
2024-03-31T11:08:57.514+03:00  INFO 11576 --- [biudzetasV2] [SpringApplicationShutdownHook] com.zaxxer.hikari.HikariDataSource       : HikariPool-1 - Shutdown completed.
